<?xml version="1.0" encoding="UTF-8"?>
<!-- Generated by org.testng.reporters.JUnitXMLReporter -->
<testsuite ignored="0" hostname="DESKTOP-PG52S8E" failures="1" tests="2" name="Test" time="19.129" errors="0" timestamp="2024-04-27T21:26:32 IST">
  <testcase classname="com.ect.testcases.LoginTest" name="verify" time="7.155"/>
  <testcase classname="com.ect.testcases.LoginTest" name="verify" time="2.551">
    <failure type="java.lang.AssertionError" message="expected [true] but found [false]">
      <![CDATA[java.lang.AssertionError: expected [true] but found [false]
at com.ect.testcases.LoginTest.verify(LoginTest.java:33)
at java.base/java.util.ArrayList.forEach(ArrayList.java:1597)
... Removed 29 stack frames]]>
    </failure>
  </testcase> <!-- verify -->
</testsuite> <!-- Test -->
